{"level":"info","message":"GET /api/health 200 - 4ms","service":"react-store-backend","timestamp":"2026-05-10T19:46:53.047Z"}
{"level":"info","message":"GET /api/products 200 - 3ms","service":"react-store-backend","timestamp":"2026-05-10T19:46:56.989Z"}
{"level":"info","message":"POST /api/auth/register 201 - 88ms","service":"react-store-backend","timestamp":"2026-05-10T19:47:01.251Z"}
{"level":"info","message":"POST /api/auth/login 200 - 65ms","service":"react-store-backend","timestamp":"2026-05-10T19:47:10.697Z"}
{"level":"info","message":"POST /api/auth/login 200 - 64ms","service":"react-store-backend","timestamp":"2026-05-10T19:47:17.609Z"}
{"level":"info","message":"GET /api/admin/dashboard 401 - 2ms","service":"react-store-backend","timestamp":"2026-05-10T19:47:29.165Z"}
{"level":"info","message":"GET /api/categories 200 - 1ms","service":"react-store-backend","timestamp":"2026-05-10T19:47:39.940Z"}
{"level":"info","message":"GET /api/health 200 - 3ms","service":"react-store-backend","timestamp":"2026-05-10T19:54:58.502Z"}
{"level":"info","message":"GET /api/products 200 - 3ms","service":"react-store-backend","timestamp":"2026-05-10T19:55:12.412Z"}
{"level":"info","message":"GET / 404 - 5ms","service":"react-store-backend","timestamp":"2026-05-13T13:54:19.568Z"}
{"level":"info","message":"GET /favicon.ico 404 - 1ms","service":"react-store-backend","timestamp":"2026-05-13T13:54:19.610Z"}
{"level":"info","message":"GET /api/categories 200 - 4ms","service":"react-store-backend","timestamp":"2026-05-13T15:25:52.653Z"}
{"level":"info","message":"GET /api/products?limit=200 200 - 11ms","service":"react-store-backend","timestamp":"2026-05-13T15:25:52.658Z"}
{"level":"info","message":"GET /api/categories 304 - 3ms","service":"react-store-backend","timestamp":"2026-05-13T15:25:52.660Z"}
{"level":"info","message":"GET /api/products?limit=200 304 - 3ms","service":"react-store-backend","timestamp":"2026-05-13T15:25:52.663Z"}
{"level":"info","message":"POST /api/auth/login 200 - 71ms","service":"react-store-backend","timestamp":"2026-05-13T15:26:29.425Z"}
{"level":"info","message":"GET /api/cart 200 - 4ms","service":"react-store-backend","timestamp":"2026-05-13T15:26:29.441Z"}
{"level":"info","message":"GET /api/products?limit=200 304 - 2ms","service":"react-store-backend","timestamp":"2026-05-13T15:26:42.469Z"}
{"level":"info","message":"GET /api/categories 304 - 1ms","service":"react-store-backend","timestamp":"2026-05-13T15:26:42.473Z"}
{"level":"info","message":"GET /api/products?limit=200 304 - 3ms","service":"react-store-backend","timestamp":"2026-05-13T15:26:42.474Z"}
{"level":"info","message":"GET /api/categories 304 - 3ms","service":"react-store-backend","timestamp":"2026-05-13T15:26:42.476Z"}
{"level":"info","message":"GET /api/users 200 - 2ms","service":"react-store-backend","timestamp":"2026-05-13T15:27:42.794Z"}
{"level":"info","message":"GET /api/categories 304 - 2ms","service":"react-store-backend","timestamp":"2026-05-13T15:27:42.795Z"}
{"level":"info","message":"GET /api/orders?limit=50 200 - 4ms","service":"react-store-backend","timestamp":"2026-05-13T15:27:42.796Z"}
{"level":"info","message":"GET /api/cart 304 - 5ms","service":"react-store-backend","timestamp":"2026-05-13T15:27:42.799Z"}
{"level":"info","message":"GET /api/admin/dashboard 200 - 9ms","service":"react-store-backend","timestamp":"2026-05-13T15:27:42.799Z"}
{"level":"info","message":"GET /api/users 304 - 3ms","service":"react-store-backend","timestamp":"2026-05-13T15:27:42.800Z"}
{"level":"info","message":"GET /api/products?limit=200 304 - 8ms","service":"react-store-backend","timestamp":"2026-05-13T15:27:42.801Z"}
{"level":"info","message":"GET /api/categories 304 - 4ms","service":"react-store-backend","timestamp":"2026-05-13T15:27:42.802Z"}
{"level":"info","message":"GET /api/orders?limit=50 304 - 4ms","service":"react-store-backend","timestamp":"2026-05-13T15:27:42.808Z"}
{"level":"info","message":"GET /api/admin/dashboard 304 - 5ms","service":"react-store-backend","timestamp":"2026-05-13T15:27:42.810Z"}
{"level":"info","message":"GET /api/products?limit=200 304 - 4ms","service":"react-store-backend","timestamp":"2026-05-13T15:27:42.811Z"}
{"level":"info","message":"GET /api/cart 304 - 2ms","service":"react-store-backend","timestamp":"2026-05-13T15:28:12.408Z"}
{"level":"info","message":"GET /api/cart 304 - 7ms","service":"react-store-backend","timestamp":"2026-05-13T15:31:47.085Z"}
{"level":"info","message":"GET /api/cart 304 - 3ms","service":"react-store-backend","timestamp":"2026-05-13T15:32:07.843Z"}
{"level":"info","message":"GET /api/cart 304 - 2ms","service":"react-store-backend","timestamp":"2026-05-13T15:32:07.848Z"}
{"level":"info","message":"GET /api/users 304 - 3ms","service":"react-store-backend","timestamp":"2026-05-13T15:35:22.408Z"}
{"level":"info","message":"GET /api/categories 304 - 4ms","service":"react-store-backend","timestamp":"2026-05-13T15:35:22.409Z"}
{"level":"info","message":"GET /api/orders?limit=50 304 - 7ms","service":"react-store-backend","timestamp":"2026-05-13T15:35:22.411Z"}
{"level":"info","message":"GET /api/products?limit=200 304 - 10ms","service":"react-store-backend","timestamp":"2026-05-13T15:35:22.413Z"}
{"level":"info","message":"GET /api/cart 304 - 9ms","service":"react-store-backend","timestamp":"2026-05-13T15:35:22.414Z"}
{"level":"info","message":"GET /api/users 304 - 6ms","service":"react-store-backend","timestamp":"2026-05-13T15:35:22.415Z"}
{"level":"info","message":"GET /api/categories 304 - 9ms","service":"react-store-backend","timestamp":"2026-05-13T15:35:22.419Z"}
{"level":"info","message":"GET /api/admin/dashboard 304 - 19ms","service":"react-store-backend","timestamp":"2026-05-13T15:35:22.421Z"}
{"level":"info","message":"GET /api/orders?limit=50 304 - 7ms","service":"react-store-backend","timestamp":"2026-05-13T15:35:22.423Z"}
{"level":"info","message":"GET /api/products?limit=200 304 - 6ms","service":"react-store-backend","timestamp":"2026-05-13T15:35:22.424Z"}
{"level":"info","message":"GET /api/admin/dashboard 304 - 5ms","service":"react-store-backend","timestamp":"2026-05-13T15:35:22.430Z"}
{"level":"info","message":"GET /api/cart 304 - 4ms","service":"react-store-backend","timestamp":"2026-05-13T15:35:24.133Z"}
{"level":"info","message":"GET /api/categories 304 - 1ms","service":"react-store-backend","timestamp":"2026-05-13T15:37:55.954Z"}
{"level":"info","message":"GET /api/products?limit=200 304 - 4ms","service":"react-store-backend","timestamp":"2026-05-13T15:37:55.956Z"}
{"level":"info","message":"GET /api/categories 304 - 2ms","service":"react-store-backend","timestamp":"2026-05-13T15:37:55.959Z"}
{"level":"info","message":"GET /api/products?limit=200 304 - 3ms","service":"react-store-backend","timestamp":"2026-05-13T15:37:55.961Z"}
{"level":"info","message":"GET /api/cart 304 - 1ms","service":"react-store-backend","timestamp":"2026-05-13T15:37:56.052Z"}
{"level":"info","message":"GET /api/admin/panel-auth 200 - 1ms","service":"react-store-backend","timestamp":"2026-05-13T15:38:12.199Z"}
{"level":"info","message":"GET /api/admin/panel-auth 304 - 1ms","service":"react-store-backend","timestamp":"2026-05-13T15:38:12.202Z"}
{"level":"info","message":"GET /api/categories 304 - 1ms","service":"react-store-backend","timestamp":"2026-05-13T15:38:12.237Z"}
{"level":"info","message":"GET /api/users 304 - 2ms","service":"react-store-backend","timestamp":"2026-05-13T15:38:12.238Z"}
{"level":"info","message":"GET /api/orders?limit=50 304 - 4ms","service":"react-store-backend","timestamp":"2026-05-13T15:38:12.239Z"}
{"level":"info","message":"GET /api/products?limit=200 304 - 5ms","service":"react-store-backend","timestamp":"2026-05-13T15:38:12.240Z"}
{"level":"info","message":"GET /api/categories 304 - 3ms","service":"react-store-backend","timestamp":"2026-05-13T15:38:12.241Z"}
{"level":"info","message":"GET /api/admin/dashboard 304 - 7ms","service":"react-store-backend","timestamp":"2026-05-13T15:38:12.242Z"}
{"level":"info","message":"GET /api/users 304 - 2ms","service":"react-store-backend","timestamp":"2026-05-13T15:38:12.246Z"}
{"level":"info","message":"GET /api/orders?limit=50 304 - 4ms","service":"react-store-backend","timestamp":"2026-05-13T15:38:12.251Z"}
{"level":"info","message":"GET /api/products?limit=200 304 - 4ms","service":"react-store-backend","timestamp":"2026-05-13T15:38:12.251Z"}
{"level":"info","message":"GET /api/admin/dashboard 304 - 5ms","service":"react-store-backend","timestamp":"2026-05-13T15:38:12.254Z"}
{"level":"info","message":"GET /api/categories 304 - 1ms","service":"react-store-backend","timestamp":"2026-05-13T15:38:14.521Z"}
{"level":"info","message":"GET /api/products?limit=200 304 - 3ms","service":"react-store-backend","timestamp":"2026-05-13T15:38:14.522Z"}
{"level":"info","message":"GET /api/categories 304 - 2ms","service":"react-store-backend","timestamp":"2026-05-13T15:38:14.523Z"}
{"level":"info","message":"GET /api/products?limit=200 304 - 2ms","service":"react-store-backend","timestamp":"2026-05-13T15:38:14.526Z"}
{"level":"info","message":"GET /api/admin/panel-auth 304 - 1ms","service":"react-store-backend","timestamp":"2026-05-13T15:38:28.334Z"}
{"level":"info","message":"GET /api/admin/panel-auth 304 - 1ms","service":"react-store-backend","timestamp":"2026-05-13T15:38:28.337Z"}
{"level":"info","message":"GET /api/cart 304 - 4ms","service":"react-store-backend","timestamp":"2026-05-13T15:38:28.343Z"}
{"level":"info","message":"GET /api/categories 304 - 1ms","service":"react-store-backend","timestamp":"2026-05-13T15:38:28.375Z"}
{"level":"info","message":"GET /api/users 304 - 2ms","service":"react-store-backend","timestamp":"2026-05-13T15:38:28.376Z"}
{"level":"info","message":"GET /api/orders?limit=50 304 - 5ms","service":"react-store-backend","timestamp":"2026-05-13T15:38:28.378Z"}
{"level":"info","message":"GET /api/products?limit=200 304 - 6ms","service":"react-store-backend","timestamp":"2026-05-13T15:38:28.379Z"}
{"level":"info","message":"GET /api/categories 304 - 2ms","service":"react-store-backend","timestamp":"2026-05-13T15:38:28.379Z"}
{"level":"info","message":"GET /api/admin/dashboard 304 - 10ms","service":"react-store-backend","timestamp":"2026-05-13T15:38:28.382Z"}
{"level":"info","message":"GET /api/users 304 - 4ms","service":"react-store-backend","timestamp":"2026-05-13T15:38:28.384Z"}
{"level":"info","message":"GET /api/orders?limit=50 304 - 3ms","service":"react-store-backend","timestamp":"2026-05-13T15:38:28.386Z"}
{"level":"info","message":"GET /api/products?limit=200 304 - 3ms","service":"react-store-backend","timestamp":"2026-05-13T15:38:28.388Z"}
{"level":"info","message":"GET /api/admin/dashboard 304 - 4ms","service":"react-store-backend","timestamp":"2026-05-13T15:38:28.391Z"}
{"level":"info","message":"GET /api/categories 304 - 1ms","service":"react-store-backend","timestamp":"2026-05-13T15:38:52.059Z"}
{"level":"info","message":"GET /api/products?limit=200 304 - 4ms","service":"react-store-backend","timestamp":"2026-05-13T15:38:52.061Z"}
{"level":"info","message":"GET /api/categories 304 - 1ms","service":"react-store-backend","timestamp":"2026-05-13T15:38:52.061Z"}
{"level":"info","message":"GET /api/products?limit=200 304 - 4ms","service":"react-store-backend","timestamp":"2026-05-13T15:38:52.066Z"}
{"level":"info","message":"GET /api/cart 304 - 1ms","service":"react-store-backend","timestamp":"2026-05-13T15:38:52.069Z"}
{"level":"info","message":"GET /api/categories 304 - 1ms","service":"react-store-backend","timestamp":"2026-05-13T15:39:05.882Z"}
{"level":"info","message":"GET /api/products?limit=200 304 - 3ms","service":"react-store-backend","timestamp":"2026-05-13T15:39:05.884Z"}
{"level":"info","message":"GET /api/categories 304 - 1ms","service":"react-store-backend","timestamp":"2026-05-13T15:39:05.884Z"}
{"level":"info","message":"GET /api/products?limit=200 304 - 1ms","service":"react-store-backend","timestamp":"2026-05-13T15:39:05.888Z"}
{"level":"info","message":"GET /api/categories 304 - 1ms","service":"react-store-backend","timestamp":"2026-05-13T16:50:49.094Z"}
{"level":"info","message":"GET /api/products?limit=200 304 - 5ms","service":"react-store-backend","timestamp":"2026-05-13T16:50:49.096Z"}
{"level":"info","message":"GET /api/categories 304 - 5ms","service":"react-store-backend","timestamp":"2026-05-13T16:50:49.099Z"}
{"level":"info","message":"GET /api/products?limit=200 304 - 7ms","service":"react-store-backend","timestamp":"2026-05-13T16:50:49.105Z"}
{"level":"info","message":"GET /api/categories 304 - 5ms","service":"react-store-backend","timestamp":"2026-05-14T18:01:24.521Z"}
{"level":"info","message":"GET /api/products?limit=200 304 - 10ms","service":"react-store-backend","timestamp":"2026-05-14T18:01:24.525Z"}
{"level":"info","message":"GET /api/categories 304 - 2ms","service":"react-store-backend","timestamp":"2026-05-14T18:01:24.526Z"}
{"level":"info","message":"GET /api/products?limit=200 304 - 3ms","service":"react-store-backend","timestamp":"2026-05-14T18:01:24.530Z"}
{"level":"info","message":"GET /api/categories 304 - 1ms","service":"react-store-backend","timestamp":"2026-05-14T18:01:32.755Z"}
{"level":"info","message":"GET /api/products?limit=200 304 - 5ms","service":"react-store-backend","timestamp":"2026-05-14T18:01:32.758Z"}
{"level":"info","message":"GET /api/categories 304 - 3ms","service":"react-store-backend","timestamp":"2026-05-14T18:01:32.760Z"}
{"level":"info","message":"GET /api/products?limit=200 304 - 2ms","service":"react-store-backend","timestamp":"2026-05-14T18:01:32.763Z"}
{"level":"info","message":"POST /api/auth/login 400 - 5ms","service":"react-store-backend","timestamp":"2026-05-14T18:01:41.281Z"}
{"level":"info","message":"POST /api/auth/register 201 - 95ms","service":"react-store-backend","timestamp":"2026-05-14T18:02:39.032Z"}
{"level":"info","message":"GET /api/cart 304 - 3ms","service":"react-store-backend","timestamp":"2026-05-14T18:02:39.047Z"}
{"level":"info","message":"GET /api/orders?limit=50 304 - 2ms","service":"react-store-backend","timestamp":"2026-05-14T18:02:48.994Z"}
{"level":"info","message":"GET /api/orders?limit=50 304 - 2ms","service":"react-store-backend","timestamp":"2026-05-14T18:02:48.997Z"}
{"level":"info","message":"GET /api/categories 304 - 1ms","service":"react-store-backend","timestamp":"2026-05-14T18:02:53.728Z"}
{"level":"info","message":"GET /api/products?limit=200 304 - 4ms","service":"react-store-backend","timestamp":"2026-05-14T18:02:53.730Z"}
{"level":"info","message":"GET /api/categories 304 - 2ms","service":"react-store-backend","timestamp":"2026-05-14T18:02:53.731Z"}
{"level":"info","message":"GET /api/products?limit=200 304 - 2ms","service":"react-store-backend","timestamp":"2026-05-14T18:02:53.734Z"}
{"level":"info","message":"POST /api/cart 200 - 7ms","service":"react-store-backend","timestamp":"2026-05-14T18:02:56.710Z"}
{"level":"info","message":"GET /api/cart 200 - 2ms","service":"react-store-backend","timestamp":"2026-05-14T18:02:56.715Z"}
{"level":"info","message":"GET /api/orders?limit=50 304 - 2ms","service":"react-store-backend","timestamp":"2026-05-14T18:02:59.271Z"}
{"level":"info","message":"GET /api/orders?limit=50 304 - 2ms","service":"react-store-backend","timestamp":"2026-05-14T18:02:59.274Z"}
{"level":"info","message":"GET /api/products?limit=200 304 - 2ms","service":"react-store-backend","timestamp":"2026-05-14T18:03:01.423Z"}
{"level":"info","message":"GET /api/categories 304 - 3ms","service":"react-store-backend","timestamp":"2026-05-14T18:03:01.431Z"}
{"level":"info","message":"GET /api/products?limit=200 304 - 6ms","service":"react-store-backend","timestamp":"2026-05-14T18:03:01.433Z"}
{"level":"info","message":"GET /api/categories 304 - 2ms","service":"react-store-backend","timestamp":"2026-05-14T18:03:01.434Z"}
{"level":"info","message":"POST /api/orders 201 - 25ms","service":"react-store-backend","timestamp":"2026-05-14T18:03:35.706Z"}
{"level":"info","message":"DELETE /api/cart 200 - 2ms","service":"react-store-backend","timestamp":"2026-05-14T18:03:35.714Z"}
{"level":"info","message":"GET /api/cart 200 - 2ms","service":"react-store-backend","timestamp":"2026-05-14T18:03:35.722Z"}
{"level":"info","message":"GET /api/categories 304 - 1ms","service":"react-store-backend","timestamp":"2026-05-14T18:03:35.784Z"}
{"level":"info","message":"GET /api/products?limit=200 200 - 3ms","service":"react-store-backend","timestamp":"2026-05-14T18:03:35.786Z"}
{"level":"info","message":"GET /api/categories 304 - 2ms","service":"react-store-backend","timestamp":"2026-05-14T18:03:35.787Z"}
{"level":"info","message":"GET /api/products?limit=200 304 - 2ms","service":"react-store-backend","timestamp":"2026-05-14T18:03:35.790Z"}
{"level":"info","message":"GET /api/orders?limit=50 200 - 3ms","service":"react-store-backend","timestamp":"2026-05-14T18:03:38.316Z"}
{"level":"info","message":"GET /api/orders?limit=50 304 - 2ms","service":"react-store-backend","timestamp":"2026-05-14T18:03:38.319Z"}
{"level":"info","message":"GET /api/categories 304 - 2ms","service":"react-store-backend","timestamp":"2026-05-14T18:03:43.310Z"}
{"level":"info","message":"GET /api/products?limit=200 304 - 4ms","service":"react-store-backend","timestamp":"2026-05-14T18:03:43.312Z"}
{"level":"info","message":"GET /api/categories 304 - 1ms","service":"react-store-backend","timestamp":"2026-05-14T18:03:43.312Z"}
{"level":"info","message":"GET /api/products?limit=200 304 - 2ms","service":"react-store-backend","timestamp":"2026-05-14T18:03:43.315Z"}
{"level":"info","message":"GET /api/cart 304 - 2ms","service":"react-store-backend","timestamp":"2026-05-14T18:03:56.505Z"}
{"level":"info","message":"GET /api/categories 304 - 0ms","service":"react-store-backend","timestamp":"2026-05-14T18:03:56.560Z"}
{"level":"info","message":"GET /api/categories 304 - 1ms","service":"react-store-backend","timestamp":"2026-05-14T18:03:56.562Z"}
{"level":"info","message":"GET /api/products?limit=200 304 - 4ms","service":"react-store-backend","timestamp":"2026-05-14T18:03:56.563Z"}
{"level":"info","message":"GET /api/products?limit=200 304 - 1ms","service":"react-store-backend","timestamp":"2026-05-14T18:03:56.566Z"}
{"level":"info","message":"GET /api/cart 304 - 1ms","service":"react-store-backend","timestamp":"2026-05-14T18:04:06.533Z"}
{"level":"info","message":"GET /api/cart 304 - 2ms","service":"react-store-backend","timestamp":"2026-05-14T18:04:16.920Z"}
{"level":"info","message":"GET /api/categories 304 - 1ms","service":"react-store-backend","timestamp":"2026-05-14T18:04:16.964Z"}
{"level":"info","message":"GET /api/products?limit=200 304 - 4ms","service":"react-store-backend","timestamp":"2026-05-14T18:04:16.967Z"}
{"level":"info","message":"GET /api/categories 304 - 2ms","service":"react-store-backend","timestamp":"2026-05-14T18:04:16.968Z"}
{"level":"info","message":"GET /api/products?limit=200 304 - 2ms","service":"react-store-backend","timestamp":"2026-05-14T18:04:16.971Z"}
{"level":"info","message":"GET /api/categories 304 - 1ms","service":"react-store-backend","timestamp":"2026-05-14T18:04:22.014Z"}
{"level":"info","message":"GET /api/products?limit=200 304 - 4ms","service":"react-store-backend","timestamp":"2026-05-14T18:04:22.016Z"}
{"level":"info","message":"GET /api/categories 304 - 2ms","service":"react-store-backend","timestamp":"2026-05-14T18:04:22.016Z"}
{"level":"info","message":"GET /api/products?limit=200 304 - 1ms","service":"react-store-backend","timestamp":"2026-05-14T18:04:22.018Z"}
{"level":"info","message":"GET /api/orders?limit=50 304 - 3ms","service":"react-store-backend","timestamp":"2026-05-14T18:04:30.355Z"}
{"level":"info","message":"GET /api/orders?limit=50 304 - 3ms","service":"react-store-backend","timestamp":"2026-05-14T18:04:30.360Z"}
{"level":"info","message":"GET /api/cart 304 - 2ms","service":"react-store-backend","timestamp":"2026-05-14T18:04:47.066Z"}
{"level":"info","message":"GET /api/categories 304 - 1ms","service":"react-store-backend","timestamp":"2026-05-14T18:04:47.136Z"}
{"level":"info","message":"GET /api/products?limit=200 304 - 3ms","service":"react-store-backend","timestamp":"2026-05-14T18:04:47.138Z"}
{"level":"info","message":"GET /api/categories 304 - 2ms","service":"react-store-backend","timestamp":"2026-05-14T18:04:47.139Z"}
{"level":"info","message":"GET /api/products?limit=200 304 - 1ms","service":"react-store-backend","timestamp":"2026-05-14T18:04:47.141Z"}
{"level":"info","message":"GET /api/cart 304 - 3ms","service":"react-store-backend","timestamp":"2026-05-14T18:04:51.592Z"}
{"level":"info","message":"GET /api/categories 304 - 1ms","service":"react-store-backend","timestamp":"2026-05-14T18:04:51.622Z"}
{"level":"info","message":"GET /api/products?limit=200 304 - 5ms","service":"react-store-backend","timestamp":"2026-05-14T18:04:51.625Z"}
{"level":"info","message":"GET /api/categories 304 - 1ms","service":"react-store-backend","timestamp":"2026-05-14T18:04:51.626Z"}
{"level":"info","message":"GET /api/products?limit=200 304 - 2ms","service":"react-store-backend","timestamp":"2026-05-14T18:04:51.628Z"}
{"level":"info","message":"GET /api/products?limit=200 304 - 2ms","service":"react-store-backend","timestamp":"2026-05-14T18:05:14.089Z"}
{"level":"info","message":"GET /api/categories 304 - 2ms","service":"react-store-backend","timestamp":"2026-05-14T18:05:14.091Z"}
{"level":"info","message":"GET /api/products?limit=200 304 - 2ms","service":"react-store-backend","timestamp":"2026-05-14T18:05:14.092Z"}
{"level":"info","message":"GET /api/categories 304 - 1ms","service":"react-store-backend","timestamp":"2026-05-14T18:05:14.094Z"}
{"level":"info","message":"GET /api/cart 304 - 1ms","service":"react-store-backend","timestamp":"2026-05-14T18:05:14.138Z"}
{"level":"info","message":"GET /api/orders?limit=50 304 - 1ms","service":"react-store-backend","timestamp":"2026-05-14T18:05:17.667Z"}
{"level":"info","message":"GET /api/orders?limit=50 304 - 2ms","service":"react-store-backend","timestamp":"2026-05-14T18:05:17.670Z"}
{"level":"info","message":"POST /api/auth/login 401 - 2ms","service":"react-store-backend","timestamp":"2026-05-14T18:06:04.684Z"}
{"level":"info","message":"POST /api/auth/register 201 - 63ms","service":"react-store-backend","timestamp":"2026-05-14T18:06:47.840Z"}
{"level":"info","message":"GET /api/cart 200 - 2ms","service":"react-store-backend","timestamp":"2026-05-14T18:06:47.853Z"}
{"level":"info","message":"GET /api/cart 304 - 2ms","service":"react-store-backend","timestamp":"2026-05-14T18:06:56.166Z"}
{"level":"info","message":"GET /api/categories 200 - 1ms","service":"react-store-backend","timestamp":"2026-05-14T18:06:56.188Z"}
{"level":"info","message":"GET /api/categories 200 - 2ms","service":"react-store-backend","timestamp":"2026-05-14T18:06:56.190Z"}
{"level":"info","message":"GET /api/products?limit=200 200 - 4ms","service":"react-store-backend","timestamp":"2026-05-14T18:06:56.191Z"}
{"level":"info","message":"GET /api/products?limit=200 200 - 4ms","service":"react-store-backend","timestamp":"2026-05-14T18:06:56.191Z"}
{"level":"info","message":"GET /api/orders?limit=50 200 - 2ms","service":"react-store-backend","timestamp":"2026-05-14T18:06:59.762Z"}
{"level":"info","message":"GET /api/orders?limit=50 200 - 3ms","service":"react-store-backend","timestamp":"2026-05-14T18:06:59.763Z"}
{"level":"info","message":"GET /api/categories 304 - 2ms","service":"react-store-backend","timestamp":"2026-05-14T18:07:01.730Z"}
{"level":"info","message":"GET /api/categories 200 - 3ms","service":"react-store-backend","timestamp":"2026-05-14T18:07:01.731Z"}
{"level":"info","message":"GET /api/products?limit=200 304 - 5ms","service":"react-store-backend","timestamp":"2026-05-14T18:07:01.733Z"}
{"level":"info","message":"GET /api/products?limit=200 200 - 4ms","service":"react-store-backend","timestamp":"2026-05-14T18:07:01.734Z"}
{"level":"info","message":"GET /api/categories 304 - 2ms","service":"react-store-backend","timestamp":"2026-05-14T18:07:07.095Z"}
{"level":"info","message":"GET /api/categories 200 - 3ms","service":"react-store-backend","timestamp":"2026-05-14T18:07:07.097Z"}
{"level":"info","message":"GET /api/products?limit=200 304 - 5ms","service":"react-store-backend","timestamp":"2026-05-14T18:07:07.098Z"}
{"level":"info","message":"GET /api/products?limit=200 200 - 5ms","service":"react-store-backend","timestamp":"2026-05-14T18:07:07.099Z"}
{"level":"info","message":"GET /api/orders?limit=50 304 - 1750975ms","service":"react-store-backend","timestamp":"2026-05-14T18:51:46.263Z"}
{"level":"info","message":"GET /api/categories 304 - 6ms","service":"react-store-backend","timestamp":"2026-05-14T18:51:46.281Z"}
{"level":"info","message":"GET /api/products?limit=200 304 - 17ms","service":"react-store-backend","timestamp":"2026-05-14T18:51:46.291Z"}
{"level":"info","message":"GET /api/cart 304 - 24ms","service":"react-store-backend","timestamp":"2026-05-14T18:51:46.293Z"}
{"level":"info","message":"GET /api/orders?limit=50 304 - 17ms","service":"react-store-backend","timestamp":"2026-05-14T18:51:46.294Z"}
{"level":"info","message":"GET /api/categories 304 - 5ms","service":"react-store-backend","timestamp":"2026-05-14T18:51:46.295Z"}
{"level":"info","message":"GET /api/products?limit=200 304 - 18ms","service":"react-store-backend","timestamp":"2026-05-14T18:51:46.310Z"}
{"level":"info","message":"GET /api/cart 304 - 12ms","service":"react-store-backend","timestamp":"2026-05-14T18:51:46.313Z"}
{"level":"info","message":"GET /api/orders?limit=50 304 - 13ms","service":"react-store-backend","timestamp":"2026-05-14T18:51:46.319Z"}
{"level":"info","message":"GET /api/orders?limit=50 304 - 8ms","service":"react-store-backend","timestamp":"2026-05-14T18:51:46.332Z"}
{"level":"info","message":"GET /api/cart 304 - 13ms","service":"react-store-backend","timestamp":"2026-05-14T18:51:46.334Z"}
{"level":"info","message":"GET /api/products?limit=200 200 - 14ms","service":"react-store-backend","timestamp":"2026-05-14T18:55:11.261Z"}
{"level":"info","message":"GET /api/categories 304 - 13ms","service":"react-store-backend","timestamp":"2026-05-14T18:55:11.266Z"}
{"level":"info","message":"GET /api/categories 200 - 14ms","service":"react-store-backend","timestamp":"2026-05-14T18:55:11.268Z"}
{"level":"info","message":"GET /api/products?limit=200 304 - 24ms","service":"react-store-backend","timestamp":"2026-05-14T18:55:11.277Z"}
{"level":"info","message":"GET /api/cart 304 - 9ms","service":"react-store-backend","timestamp":"2026-05-14T18:55:11.281Z"}
{"level":"info","message":"GET /api/orders?limit=50 304 - 4ms","service":"react-store-backend","timestamp":"2026-05-14T18:55:16.422Z"}
{"level":"info","message":"GET /api/orders?limit=50 304 - 3ms","service":"react-store-backend","timestamp":"2026-05-14T18:55:16.425Z"}
{"level":"info","message":"GET /api/categories 304 - 3ms","service":"react-store-backend","timestamp":"2026-05-14T18:55:18.865Z"}
{"level":"info","message":"GET /api/categories 200 - 3ms","service":"react-store-backend","timestamp":"2026-05-14T18:55:18.866Z"}
{"level":"info","message":"GET /api/products?limit=200 200 - 6ms","service":"react-store-backend","timestamp":"2026-05-14T18:55:18.868Z"}
{"level":"info","message":"GET /api/products?limit=200 304 - 7ms","service":"react-store-backend","timestamp":"2026-05-14T18:55:18.870Z"}
{"level":"info","message":"GET /api/cart 304 - 1ms","service":"react-store-backend","timestamp":"2026-05-14T18:55:26.635Z"}
{"level":"info","message":"GET /api/categories 304 - 12ms","service":"react-store-backend","timestamp":"2026-05-14T18:55:26.671Z"}
{"level":"info","message":"GET /api/categories 200 - 8ms","service":"react-store-backend","timestamp":"2026-05-14T18:55:26.675Z"}
{"level":"info","message":"GET /api/products?limit=200 304 - 21ms","service":"react-store-backend","timestamp":"2026-05-14T18:55:26.677Z"}
{"level":"info","message":"GET /api/products?limit=200 200 - 14ms","service":"react-store-backend","timestamp":"2026-05-14T18:55:26.679Z"}
{"level":"info","message":"GET /api/categories 304 - 2ms","service":"react-store-backend","timestamp":"2026-05-14T18:55:34.520Z"}
{"level":"info","message":"GET /api/products?limit=200 304 - 4ms","service":"react-store-backend","timestamp":"2026-05-14T18:55:34.521Z"}
{"level":"info","message":"GET /api/categories 200 - 3ms","service":"react-store-backend","timestamp":"2026-05-14T18:55:34.522Z"}
{"level":"info","message":"GET /api/products?limit=200 200 - 4ms","service":"react-store-backend","timestamp":"2026-05-14T18:55:34.523Z"}
{"level":"info","message":"GET /api/cart 304 - 6ms","service":"react-store-backend","timestamp":"2026-05-14T18:56:25.349Z"}
{"level":"info","message":"GET /api/products?limit=200 304 - 4ms","service":"react-store-backend","timestamp":"2026-05-14T18:56:25.355Z"}
{"level":"info","message":"GET /api/categories 304 - 2ms","service":"react-store-backend","timestamp":"2026-05-14T18:56:25.356Z"}
{"level":"info","message":"GET /api/products?limit=200 200 - 3ms","service":"react-store-backend","timestamp":"2026-05-14T18:56:25.360Z"}
{"level":"info","message":"GET /api/categories 200 - 3ms","service":"react-store-backend","timestamp":"2026-05-14T18:56:25.361Z"}
{"level":"info","message":"GET /api/cart 304 - 2ms","service":"react-store-backend","timestamp":"2026-05-14T18:56:31.759Z"}
{"level":"info","message":"GET /api/categories 304 - 5ms","service":"react-store-backend","timestamp":"2026-05-14T18:56:31.778Z"}
{"level":"info","message":"GET /api/products?limit=200 304 - 9ms","service":"react-store-backend","timestamp":"2026-05-14T18:56:31.782Z"}
{"level":"info","message":"GET /api/categories 200 - 3ms","service":"react-store-backend","timestamp":"2026-05-14T18:56:31.786Z"}
{"level":"info","message":"GET /api/products?limit=200 200 - 14ms","service":"react-store-backend","timestamp":"2026-05-14T18:56:31.790Z"}
{"level":"info","message":"POST /api/auth/login 200 - 73ms","service":"react-store-backend","timestamp":"2026-05-14T18:57:27.774Z"}
{"level":"info","message":"GET /api/cart 304 - 2ms","service":"react-store-backend","timestamp":"2026-05-14T18:57:27.797Z"}
{"level":"info","message":"GET /api/products?limit=200 304 - 2ms","service":"react-store-backend","timestamp":"2026-05-14T18:57:40.325Z"}
{"level":"info","message":"GET /api/categories 304 - 2ms","service":"react-store-backend","timestamp":"2026-05-14T18:57:40.326Z"}
{"level":"info","message":"GET /api/products?limit=200 200 - 2ms","service":"react-store-backend","timestamp":"2026-05-14T18:57:40.327Z"}
{"level":"info","message":"GET /api/categories 200 - 2ms","service":"react-store-backend","timestamp":"2026-05-14T18:57:40.333Z"}
{"level":"info","message":"POST /api/cart 200 - 9ms","service":"react-store-backend","timestamp":"2026-05-14T18:57:43.332Z"}
{"level":"info","message":"GET /api/cart 200 - 2ms","service":"react-store-backend","timestamp":"2026-05-14T18:57:43.339Z"}
{"level":"info","message":"POST /api/orders 201 - 24ms","service":"react-store-backend","timestamp":"2026-05-14T18:58:17.312Z"}
{"level":"info","message":"DELETE /api/cart 200 - 2ms","service":"react-store-backend","timestamp":"2026-05-14T18:58:17.324Z"}
{"level":"info","message":"GET /api/cart 200 - 2ms","service":"react-store-backend","timestamp":"2026-05-14T18:58:17.335Z"}
{"level":"info","message":"GET /api/products?limit=200 200 - 2ms","service":"react-store-backend","timestamp":"2026-05-14T18:58:17.384Z"}
{"level":"info","message":"GET /api/categories 304 - 2ms","service":"react-store-backend","timestamp":"2026-05-14T18:58:17.390Z"}
{"level":"info","message":"GET /api/products?limit=200 200 - 3ms","service":"react-store-backend","timestamp":"2026-05-14T18:58:17.402Z"}
{"level":"info","message":"GET /api/categories 200 - 2ms","service":"react-store-backend","timestamp":"2026-05-14T18:58:17.403Z"}
{"level":"info","message":"GET /api/orders?limit=50 200 - 2ms","service":"react-store-backend","timestamp":"2026-05-14T18:58:20.422Z"}
{"level":"info","message":"GET /api/orders?limit=50 200 - 3ms","service":"react-store-backend","timestamp":"2026-05-14T18:58:20.423Z"}
{"level":"info","message":"GET /api/products?limit=200 304 - 3ms","service":"react-store-backend","timestamp":"2026-05-14T18:58:25.830Z"}
{"level":"info","message":"GET /api/categories 304 - 1ms","service":"react-store-backend","timestamp":"2026-05-14T18:58:25.830Z"}
{"level":"info","message":"GET /api/products?limit=200 200 - 2ms","service":"react-store-backend","timestamp":"2026-05-14T18:58:25.835Z"}
{"level":"info","message":"GET /api/categories 200 - 1ms","service":"react-store-backend","timestamp":"2026-05-14T18:58:25.835Z"}
{"level":"info","message":"POST /api/auth/login 200 - 66ms","service":"react-store-backend","timestamp":"2026-05-14T18:58:44.999Z"}
{"level":"info","message":"GET /api/cart 304 - 3ms","service":"react-store-backend","timestamp":"2026-05-14T18:58:45.028Z"}
{"level":"info","message":"GET /api/orders?limit=50 304 - 2ms","service":"react-store-backend","timestamp":"2026-05-14T18:58:47.497Z"}
{"level":"info","message":"GET /api/orders?limit=50 200 - 3ms","service":"react-store-backend","timestamp":"2026-05-14T18:58:47.499Z"}
{"level":"info","message":"GET /api/products?limit=200 304 - 2ms","service":"react-store-backend","timestamp":"2026-05-14T18:58:55.797Z"}
{"level":"info","message":"GET /api/categories 304 - 1ms","service":"react-store-backend","timestamp":"2026-05-14T18:58:55.798Z"}
{"level":"info","message":"GET /api/categories 200 - 1ms","service":"react-store-backend","timestamp":"2026-05-14T18:58:55.805Z"}
{"level":"info","message":"GET /api/products?limit=200 200 - 3ms","service":"react-store-backend","timestamp":"2026-05-14T18:58:55.806Z"}
{"level":"info","message":"GET /api/products?limit=200 304 - 2ms","service":"react-store-backend","timestamp":"2026-05-14T18:59:06.588Z"}
{"level":"info","message":"GET /api/categories 304 - 1ms","service":"react-store-backend","timestamp":"2026-05-14T18:59:06.589Z"}
{"level":"info","message":"GET /api/products?limit=200 200 - 1ms","service":"react-store-backend","timestamp":"2026-05-14T18:59:06.591Z"}
{"level":"info","message":"GET /api/categories 200 - 1ms","service":"react-store-backend","timestamp":"2026-05-14T18:59:06.596Z"}
{"level":"info","message":"GET /api/products?limit=200 304 - 2ms","service":"react-store-backend","timestamp":"2026-05-14T19:00:01.357Z"}
{"level":"info","message":"GET /api/categories 304 - 0ms","service":"react-store-backend","timestamp":"2026-05-14T19:00:01.358Z"}
{"level":"info","message":"GET /api/products?limit=200 200 - 1ms","service":"react-store-backend","timestamp":"2026-05-14T19:00:01.360Z"}
{"level":"info","message":"GET /api/categories 200 - 1ms","service":"react-store-backend","timestamp":"2026-05-14T19:00:01.367Z"}
{"level":"info","message":"GET /api/cart 304 - 4ms","service":"react-store-backend","timestamp":"2026-05-14T19:00:47.309Z"}
{"level":"info","message":"GET /api/orders?limit=50 304 - 10ms","service":"react-store-backend","timestamp":"2026-05-14T19:00:47.311Z"}
{"level":"info","message":"GET /api/orders?limit=50 304 - 5ms","service":"react-store-backend","timestamp":"2026-05-14T19:00:47.319Z"}
{"level":"info","message":"GET /api/categories 304 - 8ms","service":"react-store-backend","timestamp":"2026-05-14T19:00:47.535Z"}
{"level":"info","message":"GET /api/products?limit=200 200 - 15ms","service":"react-store-backend","timestamp":"2026-05-14T19:00:47.541Z"}
{"level":"info","message":"GET /api/categories 304 - 8ms","service":"react-store-backend","timestamp":"2026-05-14T19:00:47.546Z"}
{"level":"info","message":"GET /api/cart 304 - 10ms","service":"react-store-backend","timestamp":"2026-05-14T19:00:47.549Z"}
{"level":"info","message":"GET /api/products?limit=200 304 - 8ms","service":"react-store-backend","timestamp":"2026-05-14T19:00:47.552Z"}
{"level":"info","message":"GET /api/products?limit=200 304 - 4ms","service":"react-store-backend","timestamp":"2026-05-14T19:00:47.557Z"}
{"level":"info","message":"GET /api/categories 304 - 6ms","service":"react-store-backend","timestamp":"2026-05-14T19:00:47.566Z"}
{"level":"info","message":"GET /api/categories 304 - 3ms","service":"react-store-backend","timestamp":"2026-05-14T19:00:47.572Z"}
{"level":"info","message":"GET /api/cart 304 - 9ms","service":"react-store-backend","timestamp":"2026-05-14T19:00:47.574Z"}
{"level":"info","message":"GET /api/products?limit=200 304 - 8ms","service":"react-store-backend","timestamp":"2026-05-14T19:00:47.576Z"}
{"level":"info","message":"GET /api/cart 304 - 12ms","service":"react-store-backend","timestamp":"2026-05-14T19:00:50.547Z"}
{"level":"info","message":"GET /api/orders?limit=50 304 - 26ms","service":"react-store-backend","timestamp":"2026-05-14T19:00:50.555Z"}
{"level":"info","message":"GET /api/orders?limit=50 304 - 13ms","service":"react-store-backend","timestamp":"2026-05-14T19:00:50.571Z"}
{"level":"info","message":"POST /api/auth/login 401 - 80ms","service":"react-store-backend","timestamp":"2026-05-14T19:01:09.234Z"}
{"level":"info","message":"POST /api/auth/login 200 - 66ms","service":"react-store-backend","timestamp":"2026-05-14T19:01:16.233Z"}
{"level":"info","message":"GET /api/cart 304 - 3ms","service":"react-store-backend","timestamp":"2026-05-14T19:01:16.271Z"}
{"level":"info","message":"GET /api/orders?limit=50 200 - 3ms","service":"react-store-backend","timestamp":"2026-05-14T19:01:25.415Z"}
{"level":"info","message":"GET /api/orders?limit=50 200 - 3ms","service":"react-store-backend","timestamp":"2026-05-14T19:01:25.416Z"}
{"level":"info","message":"GET /api/admin/panel-auth 200 - 1ms","service":"react-store-backend","timestamp":"2026-05-14T19:01:42.244Z"}
{"level":"info","message":"GET /api/admin/panel-auth 200 - 1ms","service":"react-store-backend","timestamp":"2026-05-14T19:01:42.248Z"}
{"level":"info","message":"GET /api/cart 304 - 4ms","service":"react-store-backend","timestamp":"2026-05-14T19:01:42.250Z"}
{"level":"info","message":"POST /api/admin/panel-auth 403 - 1ms","service":"react-store-backend","timestamp":"2026-05-14T19:01:43.956Z"}
{"level":"info","message":"POST /api/admin/panel-auth 403 - 1ms","service":"react-store-backend","timestamp":"2026-05-14T19:01:56.880Z"}
{"level":"info","message":"POST /api/admin/panel-auth 403 - 0ms","service":"react-store-backend","timestamp":"2026-05-14T19:03:01.543Z"}
{"level":"info","message":"POST /api/admin/panel-auth 200 - 1ms","service":"react-store-backend","timestamp":"2026-05-14T19:03:06.976Z"}
{"level":"info","message":"GET /api/admin/dashboard 200 - 3ms","service":"react-store-backend","timestamp":"2026-05-14T19:03:07.000Z"}
{"level":"info","message":"GET /api/admin/dashboard 200 - 4ms","service":"react-store-backend","timestamp":"2026-05-14T19:03:07.006Z"}
{"level":"info","message":"GET /api/products?limit=200 304 - 3ms","service":"react-store-backend","timestamp":"2026-05-14T19:03:07.007Z"}
{"level":"info","message":"GET /api/orders?limit=50 304 - 3ms","service":"react-store-backend","timestamp":"2026-05-14T19:03:07.013Z"}
{"level":"info","message":"GET /api/users 200 - 2ms","service":"react-store-backend","timestamp":"2026-05-14T19:03:07.021Z"}
{"level":"info","message":"GET /api/categories 304 - 2ms","service":"react-store-backend","timestamp":"2026-05-14T19:03:07.024Z"}
{"level":"info","message":"GET /api/products?limit=200 200 - 4ms","service":"react-store-backend","timestamp":"2026-05-14T19:03:07.030Z"}
{"level":"info","message":"GET /api/orders?limit=50 200 - 2ms","service":"react-store-backend","timestamp":"2026-05-14T19:03:07.033Z"}
{"level":"info","message":"GET /api/users 200 - 1ms","service":"react-store-backend","timestamp":"2026-05-14T19:03:07.035Z"}
{"level":"info","message":"GET /api/categories 200 - 1ms","service":"react-store-backend","timestamp":"2026-05-14T19:03:07.036Z"}
{"level":"info","message":"DELETE /api/products/5 200 - 12ms","service":"react-store-backend","timestamp":"2026-05-14T19:07:20.853Z"}
{"level":"info","message":"DELETE /api/products/21 200 - 7ms","service":"react-store-backend","timestamp":"2026-05-14T19:07:25.608Z"}
{"level":"info","message":"DELETE /api/products/22 200 - 5ms","service":"react-store-backend","timestamp":"2026-05-14T19:07:27.460Z"}
{"level":"info","message":"DELETE /api/products/23 200 - 6ms","service":"react-store-backend","timestamp":"2026-05-14T19:07:29.780Z"}
{"level":"info","message":"DELETE /api/products/24 200 - 9ms","service":"react-store-backend","timestamp":"2026-05-14T19:07:32.508Z"}
{"level":"info","message":"DELETE /api/products/25 200 - 6ms","service":"react-store-backend","timestamp":"2026-05-14T19:07:35.919Z"}
{"level":"info","message":"DELETE /api/products/16 200 - 7ms","service":"react-store-backend","timestamp":"2026-05-14T19:07:37.794Z"}
{"level":"info","message":"DELETE /api/products/17 200 - 6ms","service":"react-store-backend","timestamp":"2026-05-14T19:07:41.340Z"}
{"level":"info","message":"DELETE /api/products/18 200 - 6ms","service":"react-store-backend","timestamp":"2026-05-14T19:07:43.985Z"}
{"level":"info","message":"DELETE /api/products/19 200 - 5ms","service":"react-store-backend","timestamp":"2026-05-14T19:07:45.417Z"}
{"level":"info","message":"DELETE /api/products/20 200 - 7ms","service":"react-store-backend","timestamp":"2026-05-14T19:07:46.951Z"}
{"level":"info","message":"DELETE /api/products/11 200 - 6ms","service":"react-store-backend","timestamp":"2026-05-14T19:07:49.141Z"}
{"level":"info","message":"DELETE /api/products/12 200 - 6ms","service":"react-store-backend","timestamp":"2026-05-14T19:07:51.635Z"}
{"level":"info","message":"DELETE /api/products/13 200 - 6ms","service":"react-store-backend","timestamp":"2026-05-14T19:07:54.127Z"}
{"level":"info","message":"DELETE /api/products/14 200 - 6ms","service":"react-store-backend","timestamp":"2026-05-14T19:07:55.520Z"}
{"level":"info","message":"DELETE /api/products/15 200 - 7ms","service":"react-store-backend","timestamp":"2026-05-14T19:07:57.067Z"}
{"level":"info","message":"DELETE /api/products/6 200 - 27ms","service":"react-store-backend","timestamp":"2026-05-14T19:08:00.934Z"}
{"level":"info","message":"GET /api/admin/panel-auth 200 - 1ms","service":"react-store-backend","timestamp":"2026-05-14T19:08:07.563Z"}
{"level":"info","message":"GET /api/admin/panel-auth 200 - 1ms","service":"react-store-backend","timestamp":"2026-05-14T19:08:07.564Z"}
{"level":"info","message":"GET /api/cart 304 - 3ms","service":"react-store-backend","timestamp":"2026-05-14T19:08:07.569Z"}
{"level":"info","message":"GET /api/products?limit=200 200 - 2ms","service":"react-store-backend","timestamp":"2026-05-14T19:08:07.697Z"}
{"level":"info","message":"GET /api/admin/dashboard 200 - 5ms","service":"react-store-backend","timestamp":"2026-05-14T19:08:07.698Z"}
{"level":"info","message":"GET /api/orders?limit=50 304 - 3ms","service":"react-store-backend","timestamp":"2026-05-14T19:08:07.713Z"}
{"level":"info","message":"GET /api/products?limit=200 200 - 6ms","service":"react-store-backend","timestamp":"2026-05-14T19:08:07.722Z"}
{"level":"info","message":"GET /api/orders?limit=50 200 - 8ms","service":"react-store-backend","timestamp":"2026-05-14T19:08:07.723Z"}
{"level":"info","message":"GET /api/users 200 - 4ms","service":"react-store-backend","timestamp":"2026-05-14T19:08:07.724Z"}
{"level":"info","message":"GET /api/users 304 - 4ms","service":"react-store-backend","timestamp":"2026-05-14T19:08:07.725Z"}
{"level":"info","message":"GET /api/categories 200 - 4ms","service":"react-store-backend","timestamp":"2026-05-14T19:08:07.726Z"}
{"level":"info","message":"GET /api/admin/dashboard 200 - 14ms","service":"react-store-backend","timestamp":"2026-05-14T19:08:07.728Z"}
{"level":"info","message":"GET /api/categories 304 - 6ms","service":"react-store-backend","timestamp":"2026-05-14T19:08:07.729Z"}
{"level":"info","message":"GET /api/cart 304 - 2ms","service":"react-store-backend","timestamp":"2026-05-14T19:08:48.019Z"}
{"level":"info","message":"GET /api/cart 304 - 2ms","service":"react-store-backend","timestamp":"2026-05-14T19:08:49.117Z"}
{"level":"info","message":"GET /api/products?limit=200 304 - 3ms","service":"react-store-backend","timestamp":"2026-05-14T19:08:49.126Z"}
{"level":"info","message":"GET /api/categories 304 - 1ms","service":"react-store-backend","timestamp":"2026-05-14T19:08:49.130Z"}
{"level":"info","message":"GET /api/products?limit=200 200 - 2ms","service":"react-store-backend","timestamp":"2026-05-14T19:08:49.133Z"}
{"level":"info","message":"GET /api/categories 200 - 1ms","service":"react-store-backend","timestamp":"2026-05-14T19:08:49.136Z"}
{"level":"info","message":"GET /api/admin/panel-auth 304 - 1ms","service":"react-store-backend","timestamp":"2026-05-14T19:08:54.147Z"}
{"level":"info","message":"GET /api/admin/panel-auth 200 - 0ms","service":"react-store-backend","timestamp":"2026-05-14T19:08:54.148Z"}
{"level":"info","message":"GET /api/admin/dashboard 304 - 4ms","service":"react-store-backend","timestamp":"2026-05-14T19:08:54.170Z"}
{"level":"info","message":"GET /api/products?limit=200 304 - 4ms","service":"react-store-backend","timestamp":"2026-05-14T19:08:54.177Z"}
{"level":"info","message":"GET /api/products?limit=200 200 - 5ms","service":"react-store-backend","timestamp":"2026-05-14T19:08:54.179Z"}
{"level":"info","message":"GET /api/admin/dashboard 200 - 7ms","service":"react-store-backend","timestamp":"2026-05-14T19:08:54.179Z"}
{"level":"info","message":"GET /api/orders?limit=50 304 - 6ms","service":"react-store-backend","timestamp":"2026-05-14T19:08:54.181Z"}
{"level":"info","message":"GET /api/orders?limit=50 200 - 3ms","service":"react-store-backend","timestamp":"2026-05-14T19:08:54.183Z"}
{"level":"info","message":"GET /api/users 304 - 1ms","service":"react-store-backend","timestamp":"2026-05-14T19:08:54.196Z"}
{"level":"info","message":"GET /api/categories 304 - 0ms","service":"react-store-backend","timestamp":"2026-05-14T19:08:54.198Z"}
{"level":"info","message":"GET /api/users 200 - 2ms","service":"react-store-backend","timestamp":"2026-05-14T19:08:54.203Z"}
{"level":"info","message":"GET /api/categories 200 - 2ms","service":"react-store-backend","timestamp":"2026-05-14T19:08:54.204Z"}
{"level":"info","message":"GET /api/admin/panel-auth 304 - 1ms","service":"react-store-backend","timestamp":"2026-05-14T19:08:56.573Z"}
{"level":"info","message":"GET /api/admin/panel-auth 200 - 1ms","service":"react-store-backend","timestamp":"2026-05-14T19:08:56.575Z"}
{"level":"info","message":"GET /api/cart 304 - 3ms","service":"react-store-backend","timestamp":"2026-05-14T19:08:56.585Z"}
{"level":"info","message":"GET /api/products?limit=200 304 - 3ms","service":"react-store-backend","timestamp":"2026-05-14T19:08:56.600Z"}
{"level":"info","message":"GET /api/admin/dashboard 304 - 7ms","service":"react-store-backend","timestamp":"2026-05-14T19:08:56.601Z"}
{"level":"info","message":"GET /api/orders?limit=50 304 - 3ms","service":"react-store-backend","timestamp":"2026-05-14T19:08:56.606Z"}
{"level":"info","message":"GET /api/users 304 - 2ms","service":"react-store-backend","timestamp":"2026-05-14T19:08:56.618Z"}
{"level":"info","message":"GET /api/categories 304 - 1ms","service":"react-store-backend","timestamp":"2026-05-14T19:08:56.627Z"}
{"level":"info","message":"GET /api/admin/dashboard 304 - 4ms","service":"react-store-backend","timestamp":"2026-05-14T19:08:56.633Z"}
{"level":"info","message":"GET /api/products?limit=200 304 - 2ms","service":"react-store-backend","timestamp":"2026-05-14T19:08:56.635Z"}
{"level":"info","message":"GET /api/users 304 - 1ms","service":"react-store-backend","timestamp":"2026-05-14T19:08:56.640Z"}
{"level":"info","message":"GET /api/categories 304 - 4ms","service":"react-store-backend","timestamp":"2026-05-14T19:08:56.645Z"}
{"level":"info","message":"GET /api/orders?limit=50 304 - 8ms","service":"react-store-backend","timestamp":"2026-05-14T19:08:56.646Z"}
{"level":"info","message":"GET /api/categories 304 - 2ms","service":"react-store-backend","timestamp":"2026-05-14T19:08:58.397Z"}
{"level":"info","message":"GET /api/products?limit=200 304 - 3ms","service":"react-store-backend","timestamp":"2026-05-14T19:08:58.399Z"}
{"level":"info","message":"GET /api/categories 200 - 4ms","service":"react-store-backend","timestamp":"2026-05-14T19:08:58.400Z"}
{"level":"info","message":"GET /api/products?limit=200 200 - 5ms","service":"react-store-backend","timestamp":"2026-05-14T19:08:58.401Z"}
{"level":"info","message":"GET /api/cart 304 - 3ms","service":"react-store-backend","timestamp":"2026-05-14T19:08:58.414Z"}
{"level":"info","message":"GET /api/categories 200 - 0ms","service":"react-store-backend","timestamp":"2026-05-14T19:09:46.314Z"}
{"level":"info","message":"GET /api/products?limit=200 304 - 4ms","service":"react-store-backend","timestamp":"2026-05-14T19:09:46.315Z"}
{"level":"info","message":"GET /api/categories 304 - 5ms","service":"react-store-backend","timestamp":"2026-05-14T19:09:46.317Z"}
{"level":"info","message":"GET /api/products?limit=200 200 - 6ms","service":"react-store-backend","timestamp":"2026-05-14T19:09:46.318Z"}
{"level":"info","message":"GET /api/cart 304 - 4ms","service":"react-store-backend","timestamp":"2026-05-14T19:09:46.335Z"}
{"level":"info","message":"GET /api/cart 304 - 2ms","service":"react-store-backend","timestamp":"2026-05-14T19:09:50.699Z"}
{"level":"info","message":"GET /api/admin/panel-auth 304 - 1ms","service":"react-store-backend","timestamp":"2026-05-14T19:09:50.702Z"}
{"level":"info","message":"GET /api/admin/panel-auth 200 - 1ms","service":"react-store-backend","timestamp":"2026-05-14T19:09:50.704Z"}
{"level":"info","message":"GET /api/cart 304 - 2ms","service":"react-store-backend","timestamp":"2026-05-14T19:09:52.976Z"}
{"level":"info","message":"GET /api/admin/panel-auth 304 - 1ms","service":"react-store-backend","timestamp":"2026-05-14T19:09:54.869Z"}
{"level":"info","message":"GET /api/admin/panel-auth 200 - 1ms","service":"react-store-backend","timestamp":"2026-05-14T19:09:54.870Z"}
{"level":"info","message":"POST /api/admin/panel-auth 403 - 1ms","service":"react-store-backend","timestamp":"2026-05-14T19:10:01.987Z"}
{"level":"info","message":"POST /api/admin/panel-auth 403 - 1ms","service":"react-store-backend","timestamp":"2026-05-14T19:10:07.356Z"}
{"level":"info","message":"POST /api/admin/panel-auth 403 - 1ms","service":"react-store-backend","timestamp":"2026-05-14T19:10:09.242Z"}
{"level":"info","message":"POST /api/admin/panel-auth 403 - 1ms","service":"react-store-backend","timestamp":"2026-05-14T19:10:10.493Z"}
{"level":"info","message":"POST /api/admin/panel-auth 403 - 1ms","service":"react-store-backend","timestamp":"2026-05-14T19:10:14.072Z"}
{"level":"info","message":"POST /api/admin/panel-auth 403 - 1ms","service":"react-store-backend","timestamp":"2026-05-14T19:10:15.488Z"}
{"level":"info","message":"POST /api/admin/panel-auth 200 - 1ms","service":"react-store-backend","timestamp":"2026-05-14T19:10:29.756Z"}
{"level":"info","message":"GET /api/users 304 - 4ms","service":"react-store-backend","timestamp":"2026-05-14T19:10:29.780Z"}
{"level":"info","message":"GET /api/products?limit=200 304 - 6ms","service":"react-store-backend","timestamp":"2026-05-14T19:10:29.781Z"}
{"level":"info","message":"GET /api/categories 304 - 5ms","service":"react-store-backend","timestamp":"2026-05-14T19:10:29.784Z"}
{"level":"info","message":"GET /api/orders?limit=50 304 - 11ms","service":"react-store-backend","timestamp":"2026-05-14T19:10:29.785Z"}
{"level":"info","message":"GET /api/users 200 - 4ms","service":"react-store-backend","timestamp":"2026-05-14T19:10:29.790Z"}
{"level":"info","message":"GET /api/admin/dashboard 304 - 17ms","service":"react-store-backend","timestamp":"2026-05-14T19:10:29.791Z"}
{"level":"info","message":"GET /api/categories 200 - 4ms","service":"react-store-backend","timestamp":"2026-05-14T19:10:29.793Z"}
{"level":"info","message":"GET /api/products?limit=200 200 - 11ms","service":"react-store-backend","timestamp":"2026-05-14T19:10:29.794Z"}
{"level":"info","message":"GET /api/admin/dashboard 200 - 18ms","service":"react-store-backend","timestamp":"2026-05-14T19:10:29.796Z"}
{"level":"info","message":"GET /api/orders?limit=50 200 - 14ms","service":"react-store-backend","timestamp":"2026-05-14T19:10:29.797Z"}
{"level":"info","message":"DELETE /api/users/11 200 - 5ms","service":"react-store-backend","timestamp":"2026-05-14T19:10:35.298Z"}
{"level":"info","message":"DELETE /api/users/10 200 - 5ms","service":"react-store-backend","timestamp":"2026-05-14T19:10:38.285Z"}
{"level":"info","message":"GET /api/categories 200 - 1ms","service":"react-store-backend","timestamp":"2026-05-14T19:21:35.963Z"}
{"level":"info","message":"GET /api/products?limit=200 304 - 5ms","service":"react-store-backend","timestamp":"2026-05-14T19:21:35.966Z"}
{"level":"info","message":"GET /api/categories 304 - 3ms","service":"react-store-backend","timestamp":"2026-05-14T19:21:35.971Z"}
{"level":"info","message":"GET /api/products?limit=200 200 - 14ms","service":"react-store-backend","timestamp":"2026-05-14T19:21:35.977Z"}
{"level":"info","message":"GET /api/cart 304 - 2ms","service":"react-store-backend","timestamp":"2026-05-14T19:21:36.009Z"}
{"level":"info","message":"GET /api/admin/panel-auth 200 - 1ms","service":"react-store-backend","timestamp":"2026-05-14T19:21:42.122Z"}
{"level":"info","message":"GET /api/admin/panel-auth 200 - 2ms","service":"react-store-backend","timestamp":"2026-05-14T19:21:42.125Z"}
{"level":"info","message":"POST /api/admin/panel-auth 403 - 1ms","service":"react-store-backend","timestamp":"2026-05-14T19:21:43.199Z"}
{"level":"info","message":"POST /api/admin/panel-auth 200 - 0ms","service":"react-store-backend","timestamp":"2026-05-14T19:21:49.389Z"}
{"level":"info","message":"GET /api/categories 304 - 2ms","service":"react-store-backend","timestamp":"2026-05-14T19:21:49.417Z"}
{"level":"info","message":"GET /api/products?limit=200 304 - 4ms","service":"react-store-backend","timestamp":"2026-05-14T19:21:49.419Z"}
{"level":"info","message":"GET /api/admin/dashboard 200 - 10ms","service":"react-store-backend","timestamp":"2026-05-14T19:21:49.423Z"}
{"level":"info","message":"GET /api/users 200 - 2ms","service":"react-store-backend","timestamp":"2026-05-14T19:21:49.424Z"}
{"level":"info","message":"GET /api/orders?limit=50 200 - 6ms","service":"react-store-backend","timestamp":"2026-05-14T19:21:49.426Z"}
{"level":"info","message":"GET /api/products?limit=200 200 - 6ms","service":"react-store-backend","timestamp":"2026-05-14T19:21:49.427Z"}
{"level":"info","message":"GET /api/admin/dashboard 200 - 10ms","service":"react-store-backend","timestamp":"2026-05-14T19:21:49.428Z"}
{"level":"info","message":"GET /api/orders?limit=50 200 - 5ms","service":"react-store-backend","timestamp":"2026-05-14T19:21:49.432Z"}
{"level":"info","message":"GET /api/users 200 - 5ms","service":"react-store-backend","timestamp":"2026-05-14T19:21:49.438Z"}
{"level":"info","message":"GET /api/categories 200 - 5ms","service":"react-store-backend","timestamp":"2026-05-14T19:21:49.439Z"}
{"level":"info","message":"POST /api/products 201 - 14ms","service":"react-store-backend","timestamp":"2026-05-14T19:24:56.170Z"}
{"level":"info","message":"GET /api/products?limit=200 200 - 5ms","service":"react-store-backend","timestamp":"2026-05-14T19:24:57.755Z"}
{"level":"info","message":"GET /api/products?limit=200 304 - 10ms","service":"react-store-backend","timestamp":"2026-05-14T19:25:00.740Z"}
{"level":"info","message":"GET /api/products?limit=200 200 - 13ms","service":"react-store-backend","timestamp":"2026-05-14T19:25:00.744Z"}
{"level":"info","message":"GET /api/categories 200 - 7ms","service":"react-store-backend","timestamp":"2026-05-14T19:25:00.748Z"}
{"level":"info","message":"GET /api/categories 304 - 6ms","service":"react-store-backend","timestamp":"2026-05-14T19:25:00.751Z"}
{"level":"info","message":"GET /api/categories 304 - 3ms","service":"react-store-backend","timestamp":"2026-05-14T19:30:54.501Z"}
{"level":"info","message":"GET /api/categories 200 - 3ms","service":"react-store-backend","timestamp":"2026-05-14T19:30:54.503Z"}
{"level":"info","message":"GET /api/products?limit=200 304 - 7ms","service":"react-store-backend","timestamp":"2026-05-14T19:30:54.507Z"}
{"level":"info","message":"GET /api/products?limit=200 304 - 5ms","service":"react-store-backend","timestamp":"2026-05-14T19:30:54.513Z"}
{"level":"info","message":"GET /api/cart 304 - 3ms","service":"react-store-backend","timestamp":"2026-05-14T19:30:54.526Z"}
{"level":"info","message":"GET /api/categories 304 - 3ms","service":"react-store-backend","timestamp":"2026-05-14T19:30:56.878Z"}
{"level":"info","message":"GET /api/categories 200 - 4ms","service":"react-store-backend","timestamp":"2026-05-14T19:30:56.880Z"}
{"level":"info","message":"GET /api/products?limit=200 304 - 9ms","service":"react-store-backend","timestamp":"2026-05-14T19:30:56.883Z"}
{"level":"info","message":"GET /api/products?limit=200 200 - 11ms","service":"react-store-backend","timestamp":"2026-05-14T19:30:56.886Z"}
{"level":"info","message":"GET /api/cart 304 - 3ms","service":"react-store-backend","timestamp":"2026-05-14T19:30:56.890Z"}
{"level":"info","message":"GET /api/categories 304 - 2ms","service":"react-store-backend","timestamp":"2026-05-14T19:31:28.561Z"}
{"level":"info","message":"GET /api/products?limit=200 304 - 8ms","service":"react-store-backend","timestamp":"2026-05-14T19:31:28.566Z"}
{"level":"info","message":"GET /api/products?limit=200 200 - 10ms","service":"react-store-backend","timestamp":"2026-05-14T19:31:28.569Z"}
{"level":"info","message":"GET /api/categories 200 - 9ms","service":"react-store-backend","timestamp":"2026-05-14T19:31:28.571Z"}
{"level":"info","message":"GET /api/cart 304 - 2ms","service":"react-store-backend","timestamp":"2026-05-14T19:31:28.586Z"}
{"level":"info","message":"GET /api/categories 304 - 2ms","service":"react-store-backend","timestamp":"2026-05-14T19:31:39.590Z"}
{"level":"info","message":"GET /api/categories 200 - 4ms","service":"react-store-backend","timestamp":"2026-05-14T19:31:39.593Z"}
{"level":"info","message":"GET /api/products?limit=200 304 - 10ms","service":"react-store-backend","timestamp":"2026-05-14T19:31:39.598Z"}
{"level":"info","message":"GET /api/products?limit=200 200 - 13ms","service":"react-store-backend","timestamp":"2026-05-14T19:31:39.605Z"}
{"level":"info","message":"GET /api/cart 304 - 8ms","service":"react-store-backend","timestamp":"2026-05-14T19:31:39.608Z"}
{"level":"info","message":"GET /api/categories 304 - 3ms","service":"react-store-backend","timestamp":"2026-05-14T19:31:42.314Z"}
{"level":"info","message":"GET /api/categories 200 - 3ms","service":"react-store-backend","timestamp":"2026-05-14T19:31:42.315Z"}
{"level":"info","message":"GET /api/products?limit=200 304 - 7ms","service":"react-store-backend","timestamp":"2026-05-14T19:31:42.318Z"}
{"level":"info","message":"GET /api/products?limit=200 200 - 9ms","service":"react-store-backend","timestamp":"2026-05-14T19:31:42.321Z"}
{"level":"info","message":"GET /api/cart 304 - 4ms","service":"react-store-backend","timestamp":"2026-05-14T19:31:42.326Z"}
{"level":"info","message":"GET /api/categories 304 - 2ms","service":"react-store-backend","timestamp":"2026-05-14T19:31:44.779Z"}
{"level":"info","message":"GET /api/categories 200 - 3ms","service":"react-store-backend","timestamp":"2026-05-14T19:31:44.781Z"}
{"level":"info","message":"GET /api/products?limit=200 200 - 7ms","service":"react-store-backend","timestamp":"2026-05-14T19:31:44.784Z"}
{"level":"info","message":"GET /api/products?limit=200 304 - 11ms","service":"react-store-backend","timestamp":"2026-05-14T19:31:44.787Z"}
{"level":"info","message":"GET /api/cart 304 - 2ms","service":"react-store-backend","timestamp":"2026-05-14T19:31:44.804Z"}
{"level":"info","message":"GET /api/categories 304 - 2ms","service":"react-store-backend","timestamp":"2026-05-14T19:37:58.305Z"}
{"level":"info","message":"GET /api/products?limit=200 304 - 6ms","service":"react-store-backend","timestamp":"2026-05-14T19:37:58.309Z"}
{"level":"info","message":"GET /api/products?limit=200 200 - 9ms","service":"react-store-backend","timestamp":"2026-05-14T19:37:58.311Z"}
{"level":"info","message":"GET /api/categories 200 - 7ms","service":"react-store-backend","timestamp":"2026-05-14T19:37:58.312Z"}
{"level":"info","message":"GET /api/cart 304 - 2ms","service":"react-store-backend","timestamp":"2026-05-14T19:37:58.338Z"}
{"level":"info","message":"GET /api/categories 304 - 1ms","service":"react-store-backend","timestamp":"2026-05-14T19:38:41.710Z"}
{"level":"info","message":"GET /api/products?limit=200 304 - 6ms","service":"react-store-backend","timestamp":"2026-05-14T19:38:41.713Z"}
{"level":"info","message":"GET /api/categories 200 - 2ms","service":"react-store-backend","timestamp":"2026-05-14T19:38:41.717Z"}
{"level":"info","message":"GET /api/products?limit=200 200 - 5ms","service":"react-store-backend","timestamp":"2026-05-14T19:38:41.719Z"}
{"level":"info","message":"GET /api/cart 304 - 3ms","service":"react-store-backend","timestamp":"2026-05-14T19:38:41.725Z"}
{"level":"info","message":"GET /api/categories 304 - 5ms","service":"react-store-backend","timestamp":"2026-05-14T19:49:53.504Z"}
{"level":"info","message":"GET /api/products?limit=200 304 - 18ms","service":"react-store-backend","timestamp":"2026-05-14T19:49:53.512Z"}
{"level":"info","message":"GET /api/products?limit=200 200 - 18ms","service":"react-store-backend","timestamp":"2026-05-14T19:49:53.516Z"}
{"level":"info","message":"GET /api/categories 304 - 10ms","service":"react-store-backend","timestamp":"2026-05-14T19:49:53.518Z"}
{"level":"info","message":"GET /api/admin/panel-auth 200 - 5ms","service":"react-store-backend","timestamp":"2026-05-14T19:55:08.259Z"}
{"level":"info","message":"GET /api/admin/panel-auth 200 - 2ms","service":"react-store-backend","timestamp":"2026-05-14T19:55:08.264Z"}
{"level":"info","message":"GET /api/categories 304 - 5ms","service":"react-store-backend","timestamp":"2026-05-14T19:55:08.283Z"}
{"level":"info","message":"GET /api/categories 200 - 4ms","service":"react-store-backend","timestamp":"2026-05-14T19:55:08.286Z"}
{"level":"info","message":"GET /api/products?limit=200 304 - 10ms","service":"react-store-backend","timestamp":"2026-05-14T19:55:08.289Z"}
{"level":"info","message":"GET /api/products?limit=200 200 - 12ms","service":"react-store-backend","timestamp":"2026-05-14T19:55:08.293Z"}
{"level":"info","message":"GET /api/users 304 - 4ms","service":"react-store-backend","timestamp":"2026-05-14T19:55:08.308Z"}
{"level":"info","message":"GET /api/users 304 - 3ms","service":"react-store-backend","timestamp":"2026-05-14T19:55:08.312Z"}
{"level":"info","message":"GET /api/orders?limit=50 304 - 8ms","service":"react-store-backend","timestamp":"2026-05-14T19:55:08.313Z"}
{"level":"info","message":"GET /api/admin/dashboard 200 - 12ms","service":"react-store-backend","timestamp":"2026-05-14T19:55:08.317Z"}
{"level":"info","message":"GET /api/orders?limit=50 304 - 6ms","service":"react-store-backend","timestamp":"2026-05-14T19:55:08.320Z"}
{"level":"info","message":"GET /api/admin/dashboard 200 - 5ms","service":"react-store-backend","timestamp":"2026-05-14T19:55:08.323Z"}
